<?xml version="1.0" encoding="UTF-8"?>
<!-- Generated by org.testng.reporters.JUnitReportReporter -->
<testsuite hostname="DESKTOP-F1IELNS" failures="0" tests="1" name="test.Test99GuruLoginWithPageFactory" time="1.168" errors="0" timestamp="2021-10-30T11:01:38 ICT" skipped="0">
  <testcase classname="test.Test99GuruLoginWithPageFactory" name="test_Home_Page_Appear_Correct" time="1.168"/>
  <system-out/>
</testsuite> <!-- test.Test99GuruLoginWithPageFactory -->
