<?xml version="1.0" encoding="UTF-8"?>
<!-- Generated by org.testng.reporters.JUnitReportReporter -->
<testsuite hostname="DESKTOP-F1IELNS" failures="0" tests="1" name="test.Test99GuruLogin" time="2.442" errors="0" timestamp="2021-10-30T10:25:53 ICT" skipped="0">
  <testcase classname="test.Test99GuruLogin" name="test_Home_Page_Appear_Correct" time="2.442"/>
  <system-out/>
</testsuite> <!-- test.Test99GuruLogin -->
